<?xml version="1.0" encoding="UTF-8"?>
<!-- Generated by org.testng.reporters.JUnitReportReporter -->
<testsuite hostname="DESKTOP-9UOKAHP" failures="0" tests="1" name="section25.ExtentReports.Lab167ExtentReportDemoTest" time="7.043" errors="0" timestamp="2021-05-25T15:09:27 COT" skipped="0">
  <testcase classname="section25.ExtentReports.Lab167ExtentReportDemoTest" name="initialDemo" time="7.043"/>
  <system-out/>
</testsuite> <!-- section25.ExtentReports.Lab167ExtentReportDemoTest -->
