<?xml version="1.0" encoding="UTF-8"?>
<!-- Generated by org.testng.reporters.JUnitReportReporter -->
<testsuite skipped="0" hostname="DESKTOP-9UOKAHP" name="section25.ExtentReports.Lab167ExtentReportDemoTest" tests="1" failures="0" timestamp="2021-04-11T20:16:31 COT" time="12.605" errors="0">
  <testcase name="initialDemo" time="12.605" classname="section25.ExtentReports.Lab167ExtentReportDemoTest"/>
  <system-out/>
</testsuite> <!-- section25.ExtentReports.Lab167ExtentReportDemoTest -->
